{"total": {"lines":{"total":81,"covered":81,"skipped":0,"pct":100},"statements":{"total":85,"covered":85,"skipped":0,"pct":100},"functions":{"total":29,"covered":29,"skipped":0,"pct":100},"branches":{"total":8,"covered":8,"skipped":0,"pct":100}}
,"/Users/liorpo/Desktop/Ass1/liorpog8-sqe-workshop-2018-exercise-1/src/js/Model.js": {"lines":{"total":6,"covered":6,"skipped":0,"pct":100},"functions":{"total":2,"covered":2,"skipped":0,"pct":100},"statements":{"total":6,"covered":6,"skipped":0,"pct":100},"branches":{"total":0,"covered":0,"skipped":0,"pct":100}}
,"/Users/liorpo/Desktop/Ass1/liorpog8-sqe-workshop-2018-exercise-1/src/js/code-analyzer.js": {"lines":{"total":75,"covered":75,"skipped":0,"pct":100},"functions":{"total":27,"covered":27,"skipped":0,"pct":100},"statements":{"total":79,"covered":79,"skipped":0,"pct":100},"branches":{"total":8,"covered":8,"skipped":0,"pct":100}}
}
